2025-06-13 03:56:42 - INFO - Initializing trading bot...
2025-06-13 03:56:43 - INFO - Activating strategy: sma_crossover
2025-06-13 03:56:43 - INFO - SmaCrossover Strategy initialized with periods: 10/20
2025-06-13 03:56:43 - INFO - [Strategy State] SmaCrossover state has been reset.
2025-06-13 03:56:43 - INFO - [State] Successfully loaded saved state.
2025-06-13 03:56:43 - INFO - TradeManager initialized.
2025-06-13 03:56:43 - INFO - MyEventHandler initialized.
2025-06-13 03:56:43 - INFO - DWX Client started.
2025-06-13 03:56:43 - INFO - Requesting historical data for preloading...
2025-06-13 03:56:43 - INFO - Waiting for historical data preload to complete...
2025-06-13 03:56:43 - INFO - Historic data received for ETHUSD_M1. Routing to TradeManager for preloading.
2025-06-13 03:56:43 - INFO - SUCCESS: Preloaded 214 historical bars for ETHUSD.
2025-06-13 03:56:43 - INFO - --- Performing initial analysis on preloaded data... ---
2025-06-13 03:56:43 - INFO - [Strategy Values] Short SMA=2652.5540000 | Long SMA=2653.3010000 | Prev Position: 'HOLD'
2025-06-13 03:56:43 - INFO - Signal Check: Received 'SELL' | In Position: False
2025-06-13 03:56:43 - INFO - >>> EXECUTION: SELL signal received. Sending order! [Lots: 73.21]
2025-06-13 03:56:44 - INFO - Preload confirmed.
2025-06-13 03:56:44 - INFO - Subscribed to live bar data.
2025-06-13 03:56:44 - INFO - Bot is running. Press Ctrl+C to stop.
2025-06-13 03:56:44 - ERROR - Exception in thread
2025-06-13 03:56:44 - ERROR - Thread-3 (check_bar_data)
2025-06-13 03:56:44 - ERROR - :
2025-06-13 03:56:44 - ERROR - Traceback (most recent call last):
2025-06-13 03:56:44 - ERROR - 
2025-06-13 03:56:44 - ERROR - File "C:\Users\User\AppData\Roaming\uv\python\cpython-3.13.1-windows-x86_64-none\Lib\threading.py", line 1041, in _bootstrap_inner
    self.run()
    ~~~~~~~~^^
2025-06-13 03:56:44 - ERROR - 
2025-06-13 03:56:44 - ERROR - File "C:\Users\User\AppData\Roaming\uv\python\cpython-3.13.1-windows-x86_64-none\Lib\threading.py", line 992, in run
    self._target(*self._args, **self._kwargs)
    ~~~~~~~~~~~~^^^^^^^^^^^^^^^^^^^^^^^^^^^^^
2025-06-13 03:56:44 - ERROR - 
2025-06-13 03:56:44 - ERROR - File "C:\Users\User\Documents\Others\mt4_trading_bot\api\dwx_client.py", line 276, in check_bar_data
    self.event_handler.on_bar_data(
    ~~~~~~~~~~~~~~~~~~~~~~~~~~~~~~^
        symbol,
        ^^^^^^^
    ...<6 lines>...
        self.bar_data[st]["tick_volume"],
        ^^^^^^^^^^^^^^^^^^^^^^^^^^^^^^^^^
    )
    ^
2025-06-13 03:56:44 - ERROR - 
2025-06-13 03:56:44 - ERROR - File "C:\Users\User\Documents\Others\mt4_trading_bot\event_handler.py", line 16, in on_bar_data
    self.trade_manager.on_bar_data(symbol, time_frame, time, open_p, high_p, low_p, close_p, tick_volume)
    ~~~~~~~~~~~~~~~~~~~~~~~~~~~~~~^^^^^^^^^^^^^^^^^^^^^^^^^^^^^^^^^^^^^^^^^^^^^^^^^^^^^^^^^^^^^^^^^^^^^^^
2025-06-13 03:56:44 - ERROR - 
2025-06-13 03:56:44 - ERROR - File "C:\Users\User\Documents\Others\mt4_trading_bot\trade_manager.py", line 194, in on_bar_data
    if time <= self.last_bar_timestamp:
       ^^^^^^^^^^^^^^^^^^^^^^^^^^^^^^^
2025-06-13 03:56:44 - ERROR - 
2025-06-13 03:56:44 - ERROR - TypeError: '<=' not supported between instances of 'str' and 'int'
2025-06-13 03:56:44 - ERROR - 
2025-06-13 03:56:59 - INFO - Python heartbeat sent.
2025-06-13 03:56:59 - INFO - MT4 ERROR: HEARTBEAT_TIMEOUT | Python client heartbeat timed out. Closing all open trades for safety.
2025-06-13 03:56:59 - INFO - [STATE CHANGE] Position has been closed. Resetting state.
2025-06-13 03:56:59 - INFO - [State] Current state saved successfully.
2025-06-13 03:56:59 - INFO - MT4 ERROR: HEARTBEAT_TIMEOUT | Python client heartbeat timed out. Closing all open trades for safety.
2025-06-13 03:57:14 - INFO - Python heartbeat sent.
2025-06-13 03:57:29 - INFO - Python heartbeat sent.
2025-06-13 03:57:44 - INFO - Python heartbeat sent.
2025-06-13 03:57:59 - INFO - Python heartbeat sent.
2025-06-13 03:57:59 - INFO - MT4 ERROR: HEARTBEAT_TIMEOUT | Python client heartbeat timed out. Closing all open trades for safety.
2025-06-13 03:58:00 - INFO - MT4 ERROR: HEARTBEAT_TIMEOUT | Python client heartbeat timed out. Closing all open trades for safety.
2025-06-13 03:58:14 - INFO - Python heartbeat sent.
2025-06-13 03:58:21 - INFO - Stopping bot...
2025-06-13 03:58:21 - INFO - DWX Client stop() method called. Shutting down threads.
2025-06-13 04:01:42 - INFO - Initializing trading bot...
2025-06-13 04:01:43 - INFO - Activating strategy: sma_crossover
2025-06-13 04:01:43 - INFO - SmaCrossover Strategy initialized with periods: 10/20
2025-06-13 04:01:43 - INFO - [Strategy State] SmaCrossover state has been reset.
2025-06-13 04:01:43 - INFO - [State] Successfully loaded saved state.
2025-06-13 04:01:43 - INFO - TradeManager initialized.
2025-06-13 04:01:43 - INFO - MyEventHandler initialized.
2025-06-13 04:01:43 - INFO - DWX Client started.
2025-06-13 04:01:43 - INFO - Requesting historical data for preloading...
2025-06-13 04:01:43 - INFO - Waiting for historical data preload to complete...
2025-06-13 04:01:43 - INFO - Historic data received for ETHUSD_M1. Routing to TradeManager for preloading.
2025-06-13 04:01:43 - ERROR - Exception in thread
2025-06-13 04:01:43 - ERROR - Thread-5 (check_historic_data)
2025-06-13 04:01:43 - ERROR - :
2025-06-13 04:01:43 - ERROR - Traceback (most recent call last):
2025-06-13 04:01:43 - ERROR - 
2025-06-13 04:01:43 - ERROR - File "pandas/_libs/lib.pyx", line 2407, in pandas._libs.lib.maybe_convert_numeric
2025-06-13 04:01:43 - ERROR - 
2025-06-13 04:01:43 - ERROR - ValueError: Unable to parse string "2025.06.12 20:22"
2025-06-13 04:01:43 - ERROR - 
2025-06-13 04:01:43 - ERROR - During handling of the above exception, another exception occurred:
2025-06-13 04:01:43 - ERROR - 
2025-06-13 04:01:43 - ERROR - Traceback (most recent call last):
2025-06-13 04:01:43 - ERROR - 
2025-06-13 04:01:43 - ERROR - File "C:\Users\User\AppData\Roaming\uv\python\cpython-3.13.1-windows-x86_64-none\Lib\threading.py", line 1041, in _bootstrap_inner
    self.run()
    ~~~~~~~~^^
2025-06-13 04:01:43 - ERROR - 
2025-06-13 04:01:43 - ERROR - File "C:\Users\User\AppData\Roaming\uv\python\cpython-3.13.1-windows-x86_64-none\Lib\threading.py", line 992, in run
    self._target(*self._args, **self._kwargs)
    ~~~~~~~~~~~~^^^^^^^^^^^^^^^^^^^^^^^^^^^^^
2025-06-13 04:01:43 - ERROR - 
2025-06-13 04:01:43 - ERROR - File "C:\Users\User\Documents\Others\mt4_trading_bot\api\dwx_client.py", line 307, in check_historic_data
    self.event_handler.on_historic_data(symbol, time_frame, data[st])
    ~~~~~~~~~~~~~~~~~~~~~~~~~~~~~~~~~~~^^^^^^^^^^^^^^^^^^^^^^^^^^^^^^
2025-06-13 04:01:43 - ERROR - 
2025-06-13 04:01:43 - ERROR - File "C:\Users\User\Documents\Others\mt4_trading_bot\event_handler.py", line 21, in on_historic_data
    self.trade_manager.preload_data(symbol, time_frame, data)
    ~~~~~~~~~~~~~~~~~~~~~~~~~~~~~~~^^^^^^^^^^^^^^^^^^^^^^^^^^
2025-06-13 04:01:43 - ERROR - 
2025-06-13 04:01:43 - ERROR - File "C:\Users\User\Documents\Others\mt4_trading_bot\trade_manager.py", line 71, in preload_data
    df["time"] = pd.to_numeric(df["time"])
                 ~~~~~~~~~~~~~^^^^^^^^^^^^
2025-06-13 04:01:43 - ERROR - 
2025-06-13 04:01:43 - ERROR - File "C:\Users\User\Documents\Others\mt4_trading_bot\.venv\Lib\site-packages\pandas\core\tools\numeric.py", line 235, in to_numeric
    values, new_mask = lib.maybe_convert_numeric(  # type: ignore[call-overload]
                       ~~~~~~~~~~~~~~~~~~~~~~~~~^^^^^^^^^^^^^^^^^^^^^^^^^^^^^^^^
        values,
        ^^^^^^^
    ...<4 lines>...
        and values_dtype.na_value is libmissing.NA,
        ^^^^^^^^^^^^^^^^^^^^^^^^^^^^^^^^^^^^^^^^^^^
    )
    ^
2025-06-13 04:01:43 - ERROR - 
2025-06-13 04:01:43 - ERROR - File "pandas/_libs/lib.pyx", line 2449, in pandas._libs.lib.maybe_convert_numeric
2025-06-13 04:01:43 - ERROR - 
2025-06-13 04:01:43 - ERROR - ValueError: Unable to parse string "2025.06.12 20:22" at position 0
2025-06-13 04:01:43 - ERROR - 
2025-06-13 04:02:01 - INFO - MT4 ERROR: HEARTBEAT_TIMEOUT | Python client heartbeat timed out. Closing all open trades for safety.
2025-06-13 04:02:01 - ERROR - Traceback (most recent call last):
2025-06-13 04:02:01 - ERROR - 
2025-06-13 04:02:01 - ERROR - File "C:\Users\User\Documents\Others\mt4_trading_bot\main.py", line 142, in <module>
    main()
    ~~~~^^
2025-06-13 04:02:01 - ERROR - 
2025-06-13 04:02:01 - ERROR - File "C:\Users\User\Documents\Others\mt4_trading_bot\main.py", line 108, in main
    time.sleep(1)  # Check the flag once per second
    ~~~~~~~~~~^^^
2025-06-13 04:02:01 - ERROR - 
2025-06-13 04:02:01 - ERROR - KeyboardInterrupt
2025-06-13 04:02:01 - ERROR - 
2025-06-13 04:04:56 - INFO - Initializing trading bot...
2025-06-13 04:04:56 - INFO - Activating strategy: sma_crossover
2025-06-13 04:04:56 - INFO - SmaCrossover Strategy initialized with periods: 10/20
2025-06-13 04:04:56 - INFO - [Strategy State] SmaCrossover state has been reset.
2025-06-13 04:04:56 - INFO - [State] Successfully loaded saved state.
2025-06-13 04:04:56 - INFO - TradeManager initialized.
2025-06-13 04:04:56 - INFO - MyEventHandler initialized.
2025-06-13 04:04:56 - INFO - DWX Client started.
2025-06-13 04:04:56 - INFO - Requesting historical data for preloading...
2025-06-13 04:04:56 - INFO - Waiting for historical data preload to complete...
2025-06-13 04:04:57 - INFO - Historic data received for ETHUSD_M1. Routing to TradeManager for preloading.
2025-06-13 04:04:57 - INFO - SUCCESS: Preloaded 214 historical bars for ETHUSD.
2025-06-13 04:04:57 - INFO - --- Performing initial analysis on preloaded data... ---
2025-06-13 04:04:57 - INFO - [Strategy Values] Short SMA=2638.9000000 | Long SMA=2646.4000000 | Prev Position: 'HOLD'
2025-06-13 04:04:57 - INFO - Signal Check: Received 'SELL' | In Position: False
2025-06-13 04:04:57 - INFO - >>> EXECUTION: SELL signal received. Sending order! [Lots: 56.47]
2025-06-13 04:04:57 - INFO - Preload confirmed.
2025-06-13 04:04:57 - INFO - Subscribed to live bar data.
2025-06-13 04:04:57 - INFO - Bot is running. Press Ctrl+C to stop.
2025-06-13 04:04:58 - INFO - Received invalid timestamp format, ignoring bar: 2025.06.13 00:02
2025-06-13 04:04:58 - INFO - [STATE CHANGE] Position has been closed. Resetting state.
2025-06-13 04:04:58 - INFO - [State] Current state saved successfully.
2025-06-13 04:05:12 - INFO - Python heartbeat sent.
2025-06-13 04:05:21 - INFO - Received invalid timestamp format, ignoring bar: 2025.06.13 00:03
2025-06-13 04:05:27 - INFO - Python heartbeat sent.
2025-06-13 04:05:33 - INFO - MT4 ERROR: HEARTBEAT_TIMEOUT | Python client heartbeat timed out. Closing all open trades for safety.
2025-06-13 04:05:41 - INFO - MT4 ERROR: HEARTBEAT_TIMEOUT | Python client heartbeat timed out. Closing all open trades for safety.
2025-06-13 04:05:42 - INFO - Python heartbeat sent.
2025-06-13 04:05:57 - INFO - Python heartbeat sent.
2025-06-13 04:06:13 - INFO - Python heartbeat sent.
2025-06-13 04:06:19 - INFO - MT4 ERROR: HEARTBEAT_TIMEOUT | Python client heartbeat timed out. Closing all open trades for safety.
2025-06-13 04:06:19 - INFO - MT4 ERROR: HEARTBEAT_TIMEOUT | Python client heartbeat timed out. Closing all open trades for safety.
2025-06-13 04:06:28 - INFO - Python heartbeat sent.
2025-06-13 04:06:43 - INFO - Python heartbeat sent.
2025-06-13 04:06:58 - INFO - Python heartbeat sent.
2025-06-13 04:07:13 - INFO - Python heartbeat sent.
2025-06-13 04:07:19 - INFO - MT4 ERROR: HEARTBEAT_TIMEOUT | Python client heartbeat timed out. Closing all open trades for safety.
2025-06-13 04:07:20 - INFO - MT4 ERROR: HEARTBEAT_TIMEOUT | Python client heartbeat timed out. Closing all open trades for safety.
2025-06-13 04:07:28 - INFO - Python heartbeat sent.
2025-06-13 04:07:43 - INFO - Python heartbeat sent.
2025-06-13 04:07:58 - INFO - Python heartbeat sent.
2025-06-13 04:08:13 - INFO - Python heartbeat sent.
2025-06-13 04:08:20 - INFO - MT4 ERROR: HEARTBEAT_TIMEOUT | Python client heartbeat timed out. Closing all open trades for safety.
2025-06-13 04:08:20 - INFO - MT4 ERROR: HEARTBEAT_TIMEOUT | Python client heartbeat timed out. Closing all open trades for safety.
2025-06-13 04:08:28 - INFO - Python heartbeat sent.
2025-06-13 04:08:43 - INFO - Python heartbeat sent.
2025-06-13 04:08:58 - INFO - Python heartbeat sent.
2025-06-13 04:09:13 - INFO - Python heartbeat sent.
2025-06-13 04:09:19 - INFO - MT4 ERROR: HEARTBEAT_TIMEOUT | Python client heartbeat timed out. Closing all open trades for safety.
2025-06-13 04:09:19 - INFO - MT4 ERROR: HEARTBEAT_TIMEOUT | Python client heartbeat timed out. Closing all open trades for safety.
2025-06-13 04:09:25 - INFO - MT4 ERROR: HEARTBEAT_TIMEOUT | Python client heartbeat timed out. Closing all open trades for safety.
2025-06-13 04:09:28 - INFO - Python heartbeat sent.
2025-06-13 04:09:30 - INFO - Stopping bot...
2025-06-13 04:09:30 - INFO - DWX Client stop() method called. Shutting down threads.
2025-06-13 04:09:34 - INFO - Initializing trading bot...
2025-06-13 04:09:34 - INFO - Activating strategy: sma_crossover
2025-06-13 04:09:34 - INFO - SmaCrossover Strategy initialized with periods: 10/20
2025-06-13 04:09:34 - INFO - [Strategy State] SmaCrossover state has been reset.
2025-06-13 04:09:34 - INFO - [State] Successfully loaded saved state.
2025-06-13 04:09:34 - INFO - TradeManager initialized.
2025-06-13 04:09:34 - INFO - MyEventHandler initialized.
2025-06-13 04:09:34 - INFO - DWX Client started.
2025-06-13 04:09:34 - INFO - Requesting historical data for preloading...
2025-06-13 04:09:34 - INFO - Waiting for historical data preload to complete...
2025-06-13 04:09:35 - INFO - Historic data received for ETHUSD_M1. Routing to TradeManager for preloading.
2025-06-13 04:09:35 - INFO - SUCCESS: Preloaded 214 historical bars for ETHUSD.
2025-06-13 04:09:35 - INFO - --- Performing initial analysis on preloaded data... ---
2025-06-13 04:09:35 - INFO - [Strategy Values] Short SMA=2615.2990000 | Long SMA=2633.4455000 | Prev Position: 'HOLD'
2025-06-13 04:09:35 - INFO - Signal Check: Received 'SELL' | In Position: False
2025-06-13 04:09:35 - INFO - >>> EXECUTION: SELL signal received. Sending order! [Lots: 25.13]
2025-06-13 04:09:35 - INFO - Preload confirmed.
2025-06-13 04:09:35 - INFO - Subscribed to live bar data.
2025-06-13 04:09:35 - INFO - Bot is running. Press Ctrl+C to stop.
2025-06-13 04:09:37 - INFO - [STATE CHANGE] Position has been closed. Resetting state.
2025-06-13 04:09:37 - INFO - [State] Current state saved successfully.
2025-06-13 04:09:50 - INFO - Python heartbeat sent.
2025-06-13 04:10:05 - INFO - Python heartbeat sent.
2025-06-13 04:10:19 - INFO - MT4 ERROR: HEARTBEAT_TIMEOUT | Python client heartbeat timed out. Closing all open trades for safety.
2025-06-13 04:10:20 - INFO - Python heartbeat sent.
2025-06-13 04:10:25 - INFO - MT4 ERROR: HEARTBEAT_TIMEOUT | Python client heartbeat timed out. Closing all open trades for safety.
2025-06-13 04:10:35 - INFO - Python heartbeat sent.
2025-06-13 04:10:50 - INFO - Python heartbeat sent.
2025-06-13 04:11:05 - INFO - Python heartbeat sent.
2025-06-13 04:11:19 - INFO - MT4 ERROR: HEARTBEAT_TIMEOUT | Python client heartbeat timed out. Closing all open trades for safety.
2025-06-13 04:11:20 - INFO - --- New Live Bar Received: ETHUSD M1 at 1749773340 ---
2025-06-13 04:11:20 - INFO - [Strategy Values] Short SMA=2610.2320000 | Long SMA=2630.2580000 | Prev Position: 'SELL'
2025-06-13 04:11:20 - INFO - Signal Check: Received 'HOLD' | In Position: False
2025-06-13 04:11:20 - INFO - Decision: No action taken.
2025-06-13 04:11:20 - INFO - Python heartbeat sent.
2025-06-13 04:11:25 - INFO - MT4 ERROR: HEARTBEAT_TIMEOUT | Python client heartbeat timed out. Closing all open trades for safety.
2025-06-13 04:11:35 - INFO - Python heartbeat sent.
2025-06-13 04:11:50 - INFO - Python heartbeat sent.
2025-06-13 04:12:05 - INFO - Python heartbeat sent.
2025-06-13 04:12:15 - INFO - Stopping bot...
2025-06-13 04:12:15 - INFO - DWX Client stop() method called. Shutting down threads.
2025-06-13 04:12:21 - INFO - Initializing trading bot...
2025-06-13 04:12:22 - INFO - Activating strategy: sma_crossover
2025-06-13 04:12:22 - INFO - SmaCrossover Strategy initialized with periods: 10/20
2025-06-13 04:12:22 - INFO - [Strategy State] SmaCrossover state has been reset.
2025-06-13 04:12:22 - INFO - [State] Successfully loaded saved state.
2025-06-13 04:12:22 - INFO - TradeManager initialized.
2025-06-13 04:12:22 - INFO - MyEventHandler initialized.
2025-06-13 04:12:22 - INFO - DWX Client started.
2025-06-13 04:12:22 - INFO - Requesting historical data for preloading...
2025-06-13 04:12:22 - INFO - Waiting for historical data preload to complete...
2025-06-13 04:12:52 - INFO - [FATAL ERROR] Timed out waiting for historical data.
2025-06-13 04:12:52 - INFO - Please check the 'Experts' tab in your MT4 terminal for errors.
2025-06-13 04:12:52 - INFO - DWX Client stop() method called. Shutting down threads.
2025-06-13 04:14:22 - INFO - Initializing trading bot...
2025-06-13 04:14:23 - INFO - Activating strategy: sma_crossover
2025-06-13 04:14:23 - INFO - SmaCrossover Strategy initialized with periods: 10/20
2025-06-13 04:14:23 - INFO - [Strategy State] SmaCrossover state has been reset.
2025-06-13 04:14:23 - INFO - [State] Successfully loaded saved state.
2025-06-13 04:14:23 - INFO - TradeManager initialized.
2025-06-13 04:14:23 - INFO - MyEventHandler initialized.
2025-06-13 04:14:23 - INFO - DWX Client started.
2025-06-13 04:14:23 - INFO - Requesting historical data for preloading...
2025-06-13 04:14:23 - INFO - Waiting for historical data preload to complete...
2025-06-13 04:14:23 - INFO - Historic data received for GOLD_M1. Routing to TradeManager for preloading.
2025-06-13 04:14:23 - INFO - SUCCESS: Preloaded 156 historical bars for GOLD.
2025-06-13 04:14:23 - INFO - --- Performing initial analysis on preloaded data... ---
2025-06-13 04:14:23 - INFO - [Strategy Values] Short SMA=3405.1380000 | Long SMA=3398.9650000 | Prev Position: 'HOLD'
2025-06-13 04:14:23 - INFO - Signal Check: Received 'BUY' | In Position: False
2025-06-13 04:14:23 - INFO - >>> EXECUTION: BUY signal received. Sending order! [Lots: 2.92]
2025-06-13 04:14:24 - INFO - Preload confirmed.
2025-06-13 04:14:24 - INFO - Subscribed to live bar data.
2025-06-13 04:14:24 - INFO - Bot is running. Press Ctrl+C to stop.
2025-06-13 04:14:25 - INFO - [STATE CHANGE] Position has been closed. Resetting state.
2025-06-13 04:14:25 - INFO - [State] Current state saved successfully.
2025-06-13 04:14:39 - INFO - Python heartbeat sent.
2025-06-13 04:14:54 - INFO - Python heartbeat sent.
2025-06-13 04:15:09 - INFO - Python heartbeat sent.
2025-06-13 04:15:14 - INFO - MT4 ERROR: HEARTBEAT_TIMEOUT | Python client heartbeat timed out. Closing all open trades for safety.
2025-06-13 04:15:24 - INFO - Python heartbeat sent.
2025-06-13 04:15:39 - INFO - Python heartbeat sent.
2025-06-13 04:15:40 - INFO - MT4 ERROR: HEARTBEAT_TIMEOUT | Python client heartbeat timed out. Closing all open trades for safety.
2025-06-13 04:15:54 - INFO - Python heartbeat sent.
2025-06-13 04:16:09 - INFO - Python heartbeat sent.
2025-06-13 04:16:24 - INFO - Python heartbeat sent.
2025-06-13 04:16:39 - INFO - Python heartbeat sent.
2025-06-13 04:16:40 - INFO - MT4 ERROR: HEARTBEAT_TIMEOUT | Python client heartbeat timed out. Closing all open trades for safety.
2025-06-13 04:16:54 - INFO - Python heartbeat sent.
2025-06-13 04:17:09 - INFO - Python heartbeat sent.
2025-06-13 04:17:24 - INFO - Python heartbeat sent.
2025-06-13 04:17:39 - INFO - Python heartbeat sent.
2025-06-13 04:17:40 - INFO - MT4 ERROR: HEARTBEAT_TIMEOUT | Python client heartbeat timed out. Closing all open trades for safety.
2025-06-13 04:17:54 - INFO - Python heartbeat sent.
2025-06-13 04:18:01 - INFO - MT4 ERROR: HEARTBEAT_TIMEOUT | Python client heartbeat timed out. Closing all open trades for safety.
2025-06-13 04:18:09 - INFO - Python heartbeat sent.
2025-06-13 04:18:20 - INFO - Stopping bot...
2025-06-13 04:18:20 - INFO - DWX Client stop() method called. Shutting down threads.
2025-06-13 04:19:55 - INFO - Initializing trading bot...
2025-06-13 04:19:55 - INFO - Activating strategy: sma_crossover
2025-06-13 04:19:55 - INFO - SmaCrossover Strategy initialized with periods: 10/20
2025-06-13 04:19:55 - INFO - [Strategy State] SmaCrossover state has been reset.
2025-06-13 04:19:55 - INFO - [State] No state file found. Starting with a fresh state.
2025-06-13 04:19:55 - INFO - TradeManager initialized.
2025-06-13 04:19:55 - INFO - MyEventHandler initialized.
2025-06-13 04:19:55 - INFO - DWX Client started.
2025-06-13 04:19:55 - INFO - Requesting historical data for preloading...
2025-06-13 04:19:55 - INFO - Waiting for historical data preload to complete...
2025-06-13 04:19:56 - INFO - Historic data received for GOLD_M1. Routing to TradeManager for preloading.
2025-06-13 04:19:56 - INFO - SUCCESS: Preloaded 158 historical bars for GOLD.
2025-06-13 04:19:56 - INFO - --- Performing initial analysis on preloaded data... ---
2025-06-13 04:19:56 - INFO - [Strategy Values] Short SMA=3407.3230000 | Long SMA=3404.0980000 | Prev Position: 'HOLD'
2025-06-13 04:19:56 - INFO - Signal Check: Received 'BUY' | In Position: False
2025-06-13 04:19:56 - INFO - >>> EXECUTION: BUY signal received. Sending order! [Lots: 2.88]
2025-06-13 04:19:56 - INFO - Preload confirmed.
2025-06-13 04:19:56 - INFO - Subscribed to live bar data.
2025-06-13 04:19:56 - INFO - Bot is running. Press Ctrl+C to stop.
2025-06-13 04:19:57 - INFO - [STATE CHANGE] Position has been closed. Resetting state.
2025-06-13 04:19:57 - INFO - [State] Current state saved successfully.
2025-06-13 04:20:11 - INFO - Python heartbeat sent.
2025-06-13 04:20:12 - INFO - MT4 ERROR: HEARTBEAT_TIMEOUT | Python client heartbeat timed out. Closing all open trades for safety.
2025-06-13 04:20:26 - INFO - Python heartbeat sent.
2025-06-13 04:20:30 - INFO - MT4 ERROR: HEARTBEAT_TIMEOUT | Python client heartbeat timed out. Closing all open trades for safety.
2025-06-13 04:20:41 - INFO - Python heartbeat sent.
2025-06-13 04:20:56 - INFO - Python heartbeat sent.
2025-06-13 04:21:11 - INFO - Python heartbeat sent.
2025-06-13 04:21:12 - INFO - MT4 ERROR: HEARTBEAT_TIMEOUT | Python client heartbeat timed out. Closing all open trades for safety.
2025-06-13 04:21:21 - INFO - --- New Live Bar Received: GOLD M1 at 1749773940 ---
2025-06-13 04:21:21 - INFO - [Strategy Values] Short SMA=3407.3360000 | Long SMA=3404.8330000 | Prev Position: 'BUY'
2025-06-13 04:21:21 - INFO - Signal Check: Received 'HOLD' | In Position: False
2025-06-13 04:21:21 - INFO - Decision: No action taken.
2025-06-13 04:21:26 - INFO - Python heartbeat sent.
2025-06-13 04:21:30 - INFO - MT4 ERROR: HEARTBEAT_TIMEOUT | Python client heartbeat timed out. Closing all open trades for safety.
2025-06-13 04:21:41 - INFO - Python heartbeat sent.
2025-06-13 04:21:56 - INFO - Python heartbeat sent.
2025-06-13 04:22:11 - INFO - Python heartbeat sent.
2025-06-13 04:22:13 - INFO - MT4 ERROR: HEARTBEAT_TIMEOUT | Python client heartbeat timed out. Closing all open trades for safety.
2025-06-13 04:22:21 - INFO - --- New Live Bar Received: GOLD M1 at 1749774000 ---
2025-06-13 04:22:21 - INFO - [Strategy Values] Short SMA=3406.9870000 | Long SMA=3405.6165000 | Prev Position: 'BUY'
2025-06-13 04:22:21 - INFO - Signal Check: Received 'HOLD' | In Position: False
2025-06-13 04:22:21 - INFO - Decision: No action taken.
2025-06-13 04:22:26 - INFO - Python heartbeat sent.
2025-06-13 04:22:30 - INFO - MT4 ERROR: HEARTBEAT_TIMEOUT | Python client heartbeat timed out. Closing all open trades for safety.
2025-06-13 04:22:41 - INFO - Python heartbeat sent.
2025-06-13 04:22:56 - INFO - Python heartbeat sent.
2025-06-13 04:22:58 - INFO - Stopping bot...
2025-06-13 04:22:58 - INFO - DWX Client stop() method called. Shutting down threads.
2025-06-13 04:33:05 - INFO - Initializing trading bot...
2025-06-13 04:33:06 - INFO - Activating strategy: sma_crossover
2025-06-13 04:33:06 - INFO - SmaCrossover Strategy initialized with periods: 10/20
2025-06-13 04:33:06 - INFO - [Strategy State] SmaCrossover state has been reset.
2025-06-13 04:33:06 - INFO - [State] Successfully loaded saved state.
2025-06-13 04:33:06 - INFO - TradeManager initialized.
2025-06-13 04:33:06 - INFO - MyEventHandler initialized.
2025-06-13 04:33:06 - INFO - DWX Client started.
2025-06-13 04:33:06 - INFO - Requesting historical data for preloading...
2025-06-13 04:33:06 - INFO - Waiting for historical data preload to complete...
2025-06-13 04:33:16 - INFO - MT4 ERROR: HEARTBEAT_TIMEOUT | Python client heartbeat timed out. Closing all open trades for safety.
2025-06-13 04:33:33 - INFO - MT4 ERROR: HEARTBEAT_TIMEOUT | Python client heartbeat timed out. Closing all open trades for safety.
2025-06-13 04:33:36 - INFO - [FATAL ERROR] Timed out waiting for historical data.
2025-06-13 04:33:36 - INFO - Please check the 'Experts' tab in your MT4 terminal for errors.
2025-06-13 04:33:36 - INFO - DWX Client stop() method called. Shutting down threads.
2025-06-13 04:38:59 - INFO - Initializing trading bot...
2025-06-13 04:38:59 - INFO - Activating strategy: sma_crossover
2025-06-13 04:38:59 - INFO - SmaCrossover Strategy initialized with periods: 10/20
2025-06-13 04:38:59 - INFO - [Strategy State] SmaCrossover state has been reset.
2025-06-13 04:38:59 - INFO - [State] No state file found. Starting with a fresh state.
2025-06-13 04:38:59 - INFO - TradeManager initialized.
2025-06-13 04:38:59 - INFO - MyEventHandler initialized.
2025-06-13 04:38:59 - INFO - DWX Client started.
2025-06-13 04:38:59 - INFO - Requesting historical data for preloading...
2025-06-13 04:38:59 - INFO - Waiting for historical data preload to complete...
2025-06-13 04:39:00 - INFO - MT4 ERROR: HEARTBEAT_TIMEOUT | Python client heartbeat timed out. Closing all open trades for safety.
2025-06-13 04:39:00 - INFO - Historic data received for GOLD_M1. Routing to TradeManager for preloading.
2025-06-13 04:39:00 - INFO - SUCCESS: Preloaded 158 historical bars for GOLD.
2025-06-13 04:39:00 - INFO - --- Performing initial analysis on preloaded data... ---
2025-06-13 04:39:00 - INFO - [Strategy Values] Short SMA=3413.7710000 | Long SMA=3411.4295000 | Prev Position: 'HOLD'
2025-06-13 04:39:00 - INFO - Signal Check: Received 'BUY' | In Position: False
2025-06-13 04:39:00 - INFO - >>> EXECUTION: BUY signal received. Sending order! [Lots: 2.85]
2025-06-13 04:39:00 - INFO - Preload confirmed.
2025-06-13 04:39:00 - INFO - Subscribed to live bar data.
2025-06-13 04:39:00 - INFO - Bot is running. Press Ctrl+C to stop.
2025-06-13 04:39:07 - INFO - [STATE CHANGE] Position has been closed. Resetting state.
2025-06-13 04:39:07 - INFO - [State] Current state saved successfully.
2025-06-13 04:39:15 - INFO - Python heartbeat sent.
2025-06-13 04:39:30 - INFO - Python heartbeat sent.
2025-06-13 04:39:45 - INFO - Python heartbeat sent.
2025-06-13 04:40:00 - INFO - Python heartbeat sent.
2025-06-13 04:40:15 - INFO - Python heartbeat sent.
2025-06-13 04:40:21 - INFO - --- New Live Bar Received: GOLD M1 at 1749775080 ---
2025-06-13 04:40:21 - INFO - [Strategy Values] Short SMA=3413.6420000 | Long SMA=3411.4570000 | Prev Position: 'BUY'
2025-06-13 04:40:21 - INFO - Signal Check: Received 'HOLD' | In Position: False
2025-06-13 04:40:21 - INFO - Decision: No action taken.
2025-06-13 04:40:30 - INFO - Python heartbeat sent.
2025-06-13 04:40:45 - INFO - Python heartbeat sent.
2025-06-13 04:41:00 - INFO - Python heartbeat sent.
2025-06-13 04:41:15 - INFO - Python heartbeat sent.
2025-06-13 04:41:21 - INFO - --- New Live Bar Received: GOLD M1 at 1749775140 ---
2025-06-13 04:41:21 - INFO - [Strategy Values] Short SMA=3413.2970000 | Long SMA=3411.4445000 | Prev Position: 'BUY'
2025-06-13 04:41:21 - INFO - Signal Check: Received 'HOLD' | In Position: False
2025-06-13 04:41:21 - INFO - Decision: No action taken.
2025-06-13 04:41:30 - INFO - Python heartbeat sent.
2025-06-13 04:41:45 - INFO - Python heartbeat sent.
2025-06-13 04:42:00 - INFO - Python heartbeat sent.
2025-06-13 04:42:15 - INFO - Python heartbeat sent.
2025-06-13 04:42:21 - INFO - --- New Live Bar Received: GOLD M1 at 1749775200 ---
2025-06-13 04:42:21 - INFO - [Strategy Values] Short SMA=3412.7730000 | Long SMA=3411.4890000 | Prev Position: 'BUY'
2025-06-13 04:42:21 - INFO - Signal Check: Received 'HOLD' | In Position: False
2025-06-13 04:42:21 - INFO - Decision: No action taken.
2025-06-13 04:42:30 - INFO - Python heartbeat sent.
2025-06-13 04:42:45 - INFO - Python heartbeat sent.
2025-06-13 04:43:00 - INFO - Python heartbeat sent.
2025-06-13 04:43:15 - INFO - Python heartbeat sent.
2025-06-13 04:43:21 - INFO - --- New Live Bar Received: GOLD M1 at 1749775260 ---
2025-06-13 04:43:21 - INFO - [Strategy Values] Short SMA=3412.5270000 | Long SMA=3411.5140000 | Prev Position: 'BUY'
2025-06-13 04:43:21 - INFO - Signal Check: Received 'HOLD' | In Position: False
2025-06-13 04:43:21 - INFO - Decision: No action taken.
2025-06-13 04:43:30 - INFO - Python heartbeat sent.
2025-06-13 04:43:45 - INFO - Python heartbeat sent.
2025-06-13 04:44:00 - INFO - Python heartbeat sent.
2025-06-13 04:44:01 - INFO - Stopping bot...
2025-06-13 04:44:01 - INFO - DWX Client stop() method called. Shutting down threads.
2025-06-13 04:49:21 - INFO - Initializing trading bot...
2025-06-13 04:49:21 - INFO - Activating strategy: sma_crossover
2025-06-13 04:49:21 - INFO - SmaCrossover Strategy initialized with periods: 10/20
2025-06-13 04:49:21 - INFO - [Strategy State] SmaCrossover state has been reset.
2025-06-13 04:49:21 - INFO - [State] Successfully loaded saved state.
2025-06-13 04:49:21 - INFO - TradeManager initialized.
2025-06-13 04:49:21 - INFO - MyEventHandler initialized.
2025-06-13 04:49:21 - INFO - DWX Client started.
2025-06-13 04:49:21 - INFO - Requesting historical data for preloading...
2025-06-13 04:49:21 - INFO - Waiting for historical data preload to complete...
2025-06-13 04:49:21 - INFO - MT4 ERROR: HEARTBEAT_TIMEOUT | Python client heartbeat timed out. Closing all open trades for safety.
2025-06-13 04:49:22 - INFO - Historic data received for GOLD_M1. Routing to TradeManager for preloading.
2025-06-13 04:49:22 - INFO - SUCCESS: Preloaded 169 historical bars for GOLD.
2025-06-13 04:49:22 - INFO - --- Performing initial analysis on preloaded data... ---
2025-06-13 04:49:22 - INFO - [Strategy Values] Short SMA=3409.0110000 | Long SMA=3411.3040000 | Prev Position: 'HOLD'
2025-06-13 04:49:22 - INFO - Signal Check: Received 'SELL' | In Position: False
2025-06-13 04:49:22 - INFO - >>> EXECUTION: SELL signal received. Sending order! [Lots: 2.8]
2025-06-13 04:49:23 - INFO - Preload confirmed.
2025-06-13 04:49:23 - INFO - Subscribed to live bar data.
2025-06-13 04:49:23 - INFO - Bot is running. Press Ctrl+C to stop.
2025-06-13 04:49:24 - INFO - [STATE CHANGE] Position has been closed. Resetting state.
2025-06-13 04:49:24 - INFO - [State] Current state saved successfully.
2025-06-13 04:50:51 - INFO - Stopping bot...
2025-06-13 04:50:51 - INFO - DWX Client stop() method called. Shutting down threads.
2025-06-13 04:55:58 - INFO - Initializing trading bot...
2025-06-13 04:55:59 - INFO - Activating strategy: sma_crossover for BTCUSD on M1
2025-06-13 04:55:59 - INFO - SmaCrossover Strategy initialized with periods: 10/20
2025-06-13 04:55:59 - INFO - [Strategy State] SmaCrossover state has been reset.
2025-06-13 04:55:59 - INFO - [State] Successfully loaded saved state.
2025-06-13 04:55:59 - INFO - TradeManager initialized.
2025-06-13 04:55:59 - INFO - MyEventHandler initialized.
2025-06-13 04:55:59 - INFO - DWX Client started.
2025-06-13 04:55:59 - INFO - Requesting historical data for preloading...
2025-06-13 04:55:59 - INFO - Waiting for historical data preload to complete...
2025-06-13 04:55:59 - INFO - MT4 ERROR: HEARTBEAT_TIMEOUT | Python client heartbeat timed out. Closing all open trades for safety.
2025-06-13 04:56:00 - INFO - Historic data received for BTCUSD_M1. Routing to TradeManager for preloading.
2025-06-13 04:56:00 - INFO - SUCCESS: Preloaded 219 historical bars for BTCUSD.
2025-06-13 04:56:00 - INFO - --- Performing initial analysis on preloaded data... ---
2025-06-13 04:56:00 - INFO - [Strategy Values] Short SMA=103895.1700000 | Long SMA=103810.5200000 | Prev Position: 'HOLD'
2025-06-13 04:56:00 - INFO - Signal Check: Received 'BUY' | In Position: False
2025-06-13 04:56:00 - INFO - >>> EXECUTION: BUY signal received. Sending order! [Lots: 0.94]
2025-06-13 04:56:01 - INFO - Preload confirmed.
2025-06-13 04:56:01 - INFO - Subscribed to live bar data for: [['BTCUSD', 'M1']]
2025-06-13 04:56:01 - INFO - Bot is running. Press Ctrl+C to stop.
2025-06-13 04:56:01 - INFO - MT4 ERROR: OPEN_ORDER | Could not open order: invalid stops
2025-06-13 04:56:24 - INFO - Stopping bot...
2025-06-13 04:56:24 - INFO - DWX Client stop() method called. Shutting down threads.
2025-06-13 04:56:34 - INFO - Initializing trading bot...
2025-06-13 04:56:35 - INFO - Activating strategy: sma_crossover for BTCUSD on M1
2025-06-13 04:56:35 - INFO - SmaCrossover Strategy initialized with periods: 10/20
2025-06-13 04:56:35 - INFO - [Strategy State] SmaCrossover state has been reset.
2025-06-13 04:56:35 - INFO - [State] No state file found. Starting with a fresh state.
2025-06-13 04:56:35 - INFO - TradeManager initialized.
2025-06-13 04:56:35 - INFO - MyEventHandler initialized.
2025-06-13 04:56:35 - INFO - DWX Client started.
2025-06-13 04:56:35 - INFO - Requesting historical data for preloading...
2025-06-13 04:56:35 - INFO - Waiting for historical data preload to complete...
2025-06-13 04:57:05 - INFO - [FATAL ERROR] Timed out waiting for historical data.
2025-06-13 04:57:05 - INFO - Please check the 'Experts' tab in your MT4 terminal for errors.
2025-06-13 04:57:05 - INFO - DWX Client stop() method called. Shutting down threads.
2025-06-13 04:57:34 - INFO - Initializing trading bot...
2025-06-13 04:57:34 - INFO - Activating strategy: sma_crossover for BTCUSD on M1
2025-06-13 04:57:34 - INFO - SmaCrossover Strategy initialized with periods: 10/20
2025-06-13 04:57:34 - INFO - [Strategy State] SmaCrossover state has been reset.
2025-06-13 04:57:34 - INFO - [State] No state file found. Starting with a fresh state.
2025-06-13 04:57:34 - INFO - TradeManager initialized.
2025-06-13 04:57:34 - INFO - MyEventHandler initialized.
2025-06-13 04:57:34 - INFO - DWX Client started.
2025-06-13 04:57:34 - INFO - Requesting historical data for preloading...
2025-06-13 04:57:34 - INFO - Waiting for historical data preload to complete...
2025-06-13 04:58:04 - INFO - [FATAL ERROR] Timed out waiting for historical data.
2025-06-13 04:58:04 - INFO - Please check the 'Experts' tab in your MT4 terminal for errors.
2025-06-13 04:58:04 - INFO - DWX Client stop() method called. Shutting down threads.
2025-06-13 04:59:24 - INFO - Initializing trading bot...
2025-06-13 04:59:24 - INFO - Activating strategy: sma_crossover for BTCUSD on M1
2025-06-13 04:59:24 - INFO - SmaCrossover Strategy initialized with periods: 10/20
2025-06-13 04:59:24 - INFO - [Strategy State] SmaCrossover state has been reset.
2025-06-13 04:59:24 - INFO - [State] No state file found. Starting with a fresh state.
2025-06-13 04:59:24 - INFO - TradeManager initialized.
2025-06-13 04:59:24 - INFO - MyEventHandler initialized.
2025-06-13 04:59:24 - INFO - DWX Client started.
2025-06-13 04:59:24 - INFO - Requesting historical data for preloading...
2025-06-13 04:59:24 - INFO - Waiting for historical data preload to complete...
2025-06-13 04:59:25 - INFO - Historic data received for BTCUSD_M1. Routing to TradeManager for preloading.
2025-06-13 04:59:25 - INFO - SUCCESS: Preloaded 219 historical bars for BTCUSD.
2025-06-13 04:59:25 - INFO - --- Performing initial analysis on preloaded data... ---
2025-06-13 04:59:25 - INFO - [Strategy Values] Short SMA=103835.0650000 | Long SMA=103890.2125000 | Prev Position: 'HOLD'
2025-06-13 04:59:25 - INFO - Signal Check: Received 'SELL' | In Position: False
2025-06-13 04:59:25 - INFO - >>> EXECUTION: SELL signal received. Sending order! [Lots: 0.94]
2025-06-13 04:59:25 - INFO - Preload confirmed.
2025-06-13 04:59:25 - INFO - Subscribed to live bar data for: [['BTCUSD', 'M1']]
2025-06-13 04:59:25 - INFO - Bot is running. Press Ctrl+C to stop.
2025-06-13 04:59:26 - INFO - MT4 ERROR: OPEN_ORDER | Could not open order: invalid stops
2025-06-13 04:59:33 - INFO - Stopping bot...
2025-06-13 04:59:33 - INFO - DWX Client stop() method called. Shutting down threads.
2025-06-13 04:59:43 - INFO - Initializing trading bot...
2025-06-13 04:59:43 - INFO - Activating strategy: sma_crossover for BTCUSD on M1
2025-06-13 04:59:43 - INFO - SmaCrossover Strategy initialized with periods: 10/20
2025-06-13 04:59:43 - INFO - [Strategy State] SmaCrossover state has been reset.
2025-06-13 04:59:43 - INFO - [State] No state file found. Starting with a fresh state.
2025-06-13 04:59:43 - INFO - TradeManager initialized.
2025-06-13 04:59:43 - INFO - MyEventHandler initialized.
2025-06-13 04:59:43 - INFO - DWX Client started.
2025-06-13 04:59:43 - INFO - Requesting historical data for preloading...
2025-06-13 04:59:43 - INFO - Waiting for historical data preload to complete...
2025-06-13 04:59:44 - INFO - MT4 ERROR: OPEN_ORDER | Could not open order: invalid stops
2025-06-13 04:59:44 - INFO - Historic data received for BTCUSD_M1. Routing to TradeManager for preloading.
2025-06-13 04:59:44 - INFO - SUCCESS: Preloaded 219 historical bars for BTCUSD.
2025-06-13 04:59:44 - INFO - --- Performing initial analysis on preloaded data... ---
2025-06-13 04:59:44 - INFO - [Strategy Values] Short SMA=103840.4950000 | Long SMA=103892.9275000 | Prev Position: 'HOLD'
2025-06-13 04:59:44 - INFO - Signal Check: Received 'SELL' | In Position: False
2025-06-13 04:59:44 - INFO - >>> EXECUTION: SELL signal received. Sending order! [Lots: 0.94]
2025-06-13 04:59:44 - INFO - Preload confirmed.
2025-06-13 04:59:44 - INFO - Subscribed to live bar data for: [['BTCUSD', 'M1']]
2025-06-13 04:59:44 - INFO - Bot is running. Press Ctrl+C to stop.
2025-06-13 04:59:45 - INFO - MT4 ERROR: OPEN_ORDER | Could not open order: invalid stops
2025-06-13 05:01:21 - INFO - --- New Live Bar Received: BTCUSD M1 at 1749776340 ---
2025-06-13 05:01:21 - INFO - [Strategy Values] Short SMA=103825.1000000 | Long SMA=103897.9500000 | Prev Position: 'SELL'
2025-06-13 05:01:21 - INFO - Signal Check: Received 'HOLD' | In Position: False
2025-06-13 05:01:21 - INFO - Decision: No action taken.
2025-06-13 05:02:14 - INFO - Python heartbeat sent.
2025-06-13 05:02:21 - INFO - --- New Live Bar Received: BTCUSD M1 at 1749776400 ---
2025-06-13 05:02:21 - INFO - [Strategy Values] Short SMA=103796.0550000 | Long SMA=103895.3000000 | Prev Position: 'SELL'
2025-06-13 05:02:21 - INFO - Signal Check: Received 'HOLD' | In Position: False
2025-06-13 05:02:21 - INFO - Decision: No action taken.
2025-06-13 05:03:16 - INFO - Stopping bot...
2025-06-13 05:03:16 - INFO - DWX Client stop() method called. Shutting down threads.
2025-06-13 05:03:55 - INFO - Initializing trading bot...
2025-06-13 05:03:55 - INFO - Activating strategy: sma_crossover for BTCUSD on M1
2025-06-13 05:03:55 - INFO - SmaCrossover Strategy initialized with periods: 10/20
2025-06-13 05:03:55 - INFO - [Strategy State] SmaCrossover state has been reset.
2025-06-13 05:03:55 - INFO - [State] No state file found. Starting with a fresh state.
2025-06-13 05:03:55 - INFO - TradeManager initialized.
2025-06-13 05:03:55 - INFO - MyEventHandler initialized.
2025-06-13 05:03:55 - INFO - DWX Client started.
2025-06-13 05:03:55 - INFO - Requesting historical data for preloading...
2025-06-13 05:03:55 - INFO - Waiting for historical data preload to complete...
2025-06-13 05:03:55 - INFO - Historic data received for BTCUSD_M1. Routing to TradeManager for preloading.
2025-06-13 05:03:55 - INFO - SUCCESS: Preloaded 219 historical bars for BTCUSD.
2025-06-13 05:03:55 - INFO - --- Performing initial analysis on preloaded data... ---
2025-06-13 05:03:55 - INFO - [Strategy Values] Short SMA=103720.5400000 | Long SMA=103840.8875000 | Prev Position: 'HOLD'
2025-06-13 05:03:55 - INFO - Signal Check: Received 'SELL' | In Position: False
2025-06-13 05:03:55 - INFO - >>> EXECUTION: SELL signal received. Sending order! [Lots: 0.94]
2025-06-13 05:03:56 - INFO - Preload confirmed.
2025-06-13 05:03:56 - INFO - Subscribed to live bar data for: [['BTCUSD', 'M1']]
2025-06-13 05:03:56 - INFO - Bot is running. Press Ctrl+C to stop.
2025-06-13 05:03:57 - INFO - MT4 ERROR: OPEN_ORDER | Could not open order: invalid stops
2025-06-13 05:04:07 - INFO - Stopping bot...
2025-06-13 05:04:07 - INFO - DWX Client stop() method called. Shutting down threads.
2025-06-13 05:04:14 - INFO - Initializing trading bot...
2025-06-13 05:04:15 - INFO - Activating strategy: sma_crossover for BTCUSD on M1
2025-06-13 05:04:15 - INFO - SmaCrossover Strategy initialized with periods: 10/20
2025-06-13 05:04:15 - INFO - [Strategy State] SmaCrossover state has been reset.
2025-06-13 05:04:15 - INFO - [State] No state file found. Starting with a fresh state.
2025-06-13 05:04:15 - INFO - TradeManager initialized.
2025-06-13 05:04:15 - INFO - MyEventHandler initialized.
2025-06-13 05:04:15 - INFO - DWX Client started.
2025-06-13 05:04:15 - INFO - Requesting historical data for preloading...
2025-06-13 05:04:15 - INFO - Waiting for historical data preload to complete...
2025-06-13 05:04:15 - INFO - MT4 ERROR: OPEN_ORDER | Could not open order: invalid stops
2025-06-13 05:04:15 - INFO - MT4 ERROR: OPEN_ORDER | Could not open order: invalid stops
2025-06-13 05:04:15 - INFO - MT4 ERROR: OPEN_ORDER | Could not open order: invalid stops
2025-06-13 05:04:15 - INFO - Historic data received for BTCUSD_M1. Routing to TradeManager for preloading.
2025-06-13 05:04:15 - INFO - SUCCESS: Preloaded 218 historical bars for BTCUSD.
2025-06-13 05:04:15 - INFO - --- Performing initial analysis on preloaded data... ---
2025-06-13 05:04:15 - INFO - [Strategy Values] Short SMA=103724.9800000 | Long SMA=103843.1075000 | Prev Position: 'HOLD'
2025-06-13 05:04:15 - INFO - Signal Check: Received 'SELL' | In Position: False
2025-06-13 05:04:15 - INFO - >>> EXECUTION: SELL signal received. Sending order! [Lots: 0.94]
2025-06-13 05:04:16 - INFO - Preload confirmed.
2025-06-13 05:04:16 - INFO - Subscribed to live bar data for: [['BTCUSD', 'M1']]
2025-06-13 05:04:16 - INFO - Bot is running. Press Ctrl+C to stop.
2025-06-13 05:04:17 - INFO - MT4 ERROR: OPEN_ORDER | Could not open order: invalid stops
2025-06-13 05:05:21 - INFO - --- New Live Bar Received: BTCUSD M1 at 1749776580 ---
2025-06-13 05:05:21 - INFO - [Strategy Values] Short SMA=103698.6150000 | Long SMA=103810.6800000 | Prev Position: 'SELL'
2025-06-13 05:05:21 - INFO - Signal Check: Received 'HOLD' | In Position: False
2025-06-13 05:05:21 - INFO - Decision: No action taken.
2025-06-13 05:06:21 - INFO - --- New Live Bar Received: BTCUSD M1 at 1749776640 ---
2025-06-13 05:06:21 - INFO - [Strategy Values] Short SMA=103655.5950000 | Long SMA=103776.2275000 | Prev Position: 'SELL'
2025-06-13 05:06:21 - INFO - Signal Check: Received 'HOLD' | In Position: False
2025-06-13 05:06:21 - INFO - Decision: No action taken.
2025-06-13 05:06:46 - INFO - Python heartbeat sent.
2025-06-13 05:07:21 - INFO - --- New Live Bar Received: BTCUSD M1 at 1749776700 ---
2025-06-13 05:07:21 - INFO - [Strategy Values] Short SMA=103604.3600000 | Long SMA=103740.6125000 | Prev Position: 'SELL'
2025-06-13 05:07:21 - INFO - Signal Check: Received 'HOLD' | In Position: False
2025-06-13 05:07:21 - INFO - Decision: No action taken.
2025-06-13 05:07:58 - INFO - Stopping bot...
2025-06-13 05:07:58 - INFO - DWX Client stop() method called. Shutting down threads.
2025-06-13 05:09:51 - INFO - Initializing trading bot...
2025-06-13 05:09:52 - INFO - Activating strategy: sma_crossover for BTCUSD on M1
2025-06-13 05:09:52 - INFO - SmaCrossover Strategy initialized with periods: 10/20
2025-06-13 05:09:52 - INFO - [Strategy State] SmaCrossover state has been reset.
2025-06-13 05:09:52 - INFO - [State] No state file found. Starting with a fresh state.
2025-06-13 05:09:52 - INFO - TradeManager initialized.
2025-06-13 05:09:52 - INFO - MyEventHandler initialized.
2025-06-13 05:09:52 - INFO - DWX Client started.
2025-06-13 05:09:52 - INFO - Requesting historical data for preloading...
2025-06-13 05:09:52 - INFO - Waiting for historical data preload to complete...
2025-06-13 05:09:53 - INFO - Historic data received for BTCUSD_M1. Routing to TradeManager for preloading.
2025-06-13 05:09:53 - INFO - SUCCESS: Preloaded 219 historical bars for BTCUSD.
2025-06-13 05:09:53 - INFO - --- Performing initial analysis on preloaded data... ---
2025-06-13 05:09:53 - INFO - [Strategy Values] Short SMA=103436.6800000 | Long SMA=103637.1825000 | Prev Position: 'HOLD'
2025-06-13 05:09:53 - INFO - Signal Check: Received 'SELL' | In Position: False
2025-06-13 05:09:53 - INFO - [SL CALC] Strategy SL: 103501.04, Broker Min SL: 103494.45
2025-06-13 05:09:53 - INFO - [SL CALC] Final Compliant Stop Loss: 103501.04
2025-06-13 05:09:53 - INFO - [Risk Calc] Inputs: Equity=18976.23, Risk=1.0%, SL Dist=206.58890000000247, Lot Size: 0.91
2025-06-13 05:09:53 - INFO - [SL CALC] Strategy SL: 103501.04, Broker Min SL: 103494.45
2025-06-13 05:09:53 - INFO - [SL CALC] Final Compliant Stop Loss: 103501.04
2025-06-13 05:09:53 - INFO - >>> EXECUTION: SELL signal received. Sending order! [Lots: 0.91]
2025-06-13 05:09:53 - INFO - Preload confirmed.
2025-06-13 05:09:53 - INFO - Subscribed to live bar data for: [['BTCUSD', 'M1']]
2025-06-13 05:09:53 - INFO - Bot is running. Press Ctrl+C to stop.
2025-06-13 05:09:54 - INFO - MT4 ERROR: OPEN_ORDER | Could not open order: invalid stops
2025-06-13 05:11:21 - INFO - --- New Live Bar Received: BTCUSD M1 at 1749776940 ---
2025-06-13 05:11:21 - INFO - [Strategy Values] Short SMA=103366.5750000 | Long SMA=103594.4325000 | Prev Position: 'SELL'
2025-06-13 05:11:21 - INFO - Signal Check: Received 'HOLD' | In Position: False
2025-06-13 05:11:21 - INFO - Decision: No action taken.
2025-06-13 05:11:57 - INFO - Stopping bot...
2025-06-13 05:11:57 - INFO - DWX Client stop() method called. Shutting down threads.
2025-06-13 05:15:39 - INFO - Initializing trading bot...
2025-06-13 05:15:40 - INFO - Activating strategy: sma_crossover for BTCUSD on M1
2025-06-13 05:15:40 - INFO - SmaCrossover Strategy initialized with periods: 10/20
2025-06-13 05:15:40 - INFO - [Strategy State] SmaCrossover state has been reset.
2025-06-13 05:15:40 - INFO - [State] No state file found. Starting with a fresh state.
2025-06-13 05:15:40 - INFO - TradeManager initialized.
2025-06-13 05:15:40 - INFO - MyEventHandler initialized.
2025-06-13 05:15:40 - INFO - DWX Client started.
2025-06-13 05:15:40 - INFO - Requesting historical data for preloading...
2025-06-13 05:15:40 - INFO - Waiting for historical data preload to complete...
2025-06-13 05:15:40 - INFO - Historic data received for BTCUSD_M1. Routing to TradeManager for preloading.
2025-06-13 05:15:40 - INFO - SUCCESS: Preloaded 219 historical bars for BTCUSD.
2025-06-13 05:15:40 - INFO - --- Performing initial analysis on preloaded data... ---
2025-06-13 05:15:40 - INFO - [Strategy Values] Short SMA=103109.5300000 | Long SMA=103382.2600000 | Prev Position: 'HOLD'
2025-06-13 05:15:40 - INFO - Signal Check: Received 'SELL' | In Position: False
2025-06-13 05:15:40 - INFO - [SL CALC] Strategy SL: 103263.26, Broker Min SL: 103257.15
2025-06-13 05:15:40 - INFO - [SL CALC] Final Compliant Stop Loss: 103263.26
2025-06-13 05:15:40 - ERROR - Error in check_historic_data (data): 'max_lot'
2025-06-13 05:15:41 - INFO - Preload confirmed.
2025-06-13 05:15:41 - INFO - Subscribed to live bar data for: [['BTCUSD', 'M1']]
2025-06-13 05:15:41 - INFO - Bot is running. Press Ctrl+C to stop.
2025-06-13 05:17:21 - INFO - --- New Live Bar Received: BTCUSD M1 at 1749777300 ---
2025-06-13 05:17:21 - INFO - [Strategy Values] Short SMA=103096.1500000 | Long SMA=103349.9525000 | Prev Position: 'SELL'
2025-06-13 05:17:21 - INFO - Signal Check: Received 'HOLD' | In Position: False
2025-06-13 05:17:21 - INFO - Decision: No action taken.
2025-06-13 05:18:11 - INFO - Python heartbeat sent.
2025-06-13 05:18:21 - INFO - --- New Live Bar Received: BTCUSD M1 at 1749777360 ---
2025-06-13 05:18:21 - INFO - [Strategy Values] Short SMA=103082.4400000 | Long SMA=103317.7825000 | Prev Position: 'SELL'
2025-06-13 05:18:21 - INFO - Signal Check: Received 'HOLD' | In Position: False
2025-06-13 05:18:21 - INFO - Decision: No action taken.
2025-06-13 05:19:21 - INFO - --- New Live Bar Received: BTCUSD M1 at 1749777420 ---
2025-06-13 05:19:21 - INFO - [Strategy Values] Short SMA=103072.1600000 | Long SMA=103312.6425000 | Prev Position: 'SELL'
2025-06-13 05:19:21 - INFO - Signal Check: Received 'HOLD' | In Position: False
2025-06-13 05:19:21 - INFO - Decision: No action taken.
2025-06-13 05:19:29 - INFO - Stopping bot...
2025-06-13 05:19:29 - INFO - DWX Client stop() method called. Shutting down threads.
2025-06-13 05:20:36 - INFO - Initializing trading bot...
2025-06-13 05:20:36 - INFO - Activating strategy: sma_crossover for BTCUSD on M1
2025-06-13 05:20:36 - INFO - SmaCrossover Strategy initialized with periods: 10/20
2025-06-13 05:20:36 - INFO - [Strategy State] SmaCrossover state has been reset.
2025-06-13 05:20:36 - INFO - [State] No state file found. Starting with a fresh state.
2025-06-13 05:20:36 - INFO - TradeManager initialized.
2025-06-13 05:20:36 - INFO - MyEventHandler initialized.
2025-06-13 05:20:36 - INFO - DWX Client started.
2025-06-13 05:20:36 - INFO - Requesting historical data for preloading...
2025-06-13 05:20:36 - INFO - Waiting for historical data preload to complete...
2025-06-13 05:20:36 - INFO - Historic data received for BTCUSD_M1. Routing to TradeManager for preloading.
2025-06-13 05:20:36 - INFO - SUCCESS: Preloaded 219 historical bars for BTCUSD.
2025-06-13 05:20:36 - INFO - --- Performing initial analysis on preloaded data... ---
2025-06-13 05:20:36 - INFO - [Strategy Values] Short SMA=103100.6900000 | Long SMA=103231.3775000 | Prev Position: 'HOLD'
2025-06-13 05:20:36 - INFO - Signal Check: Received 'SELL' | In Position: False
2025-06-13 05:20:36 - INFO - [SL CALC] Strategy SL: 103615.62, Broker Min SL: 103608.80
2025-06-13 05:20:36 - INFO - [SL CALC] Final Compliant Stop Loss: 103615.62
2025-06-13 05:20:36 - ERROR - Error in check_historic_data (data): 'max_lot'
2025-06-13 05:20:37 - INFO - Preload confirmed.
2025-06-13 05:20:37 - INFO - Subscribed to live bar data for: [['BTCUSD', 'M1']]
2025-06-13 05:20:37 - INFO - Bot is running. Press Ctrl+C to stop.
2025-06-13 05:21:15 - INFO - Stopping bot...
2025-06-13 05:21:15 - INFO - DWX Client stop() method called. Shutting down threads.
2025-06-13 05:21:57 - INFO - Initializing trading bot...
2025-06-13 05:21:58 - INFO - Activating strategy: sma_crossover for BTCUSD on M1
2025-06-13 05:21:58 - INFO - SmaCrossover Strategy initialized with periods: 10/20
2025-06-13 05:21:58 - INFO - [Strategy State] SmaCrossover state has been reset.
2025-06-13 05:21:58 - INFO - [State] No state file found. Starting with a fresh state.
2025-06-13 05:21:58 - INFO - TradeManager initialized.
2025-06-13 05:21:58 - INFO - MyEventHandler initialized.
2025-06-13 05:21:58 - INFO - DWX Client started.
2025-06-13 05:21:58 - INFO - Requesting historical data for preloading...
2025-06-13 05:21:58 - INFO - Waiting for historical data preload to complete...
2025-06-13 05:21:58 - INFO - Historic data received for BTCUSD_M1. Routing to TradeManager for preloading.
2025-06-13 05:21:58 - INFO - SUCCESS: Preloaded 219 historical bars for BTCUSD.
2025-06-13 05:21:58 - INFO - --- Performing initial analysis on preloaded data... ---
2025-06-13 05:21:58 - INFO - [Strategy Values] Short SMA=103100.6900000 | Long SMA=103231.3775000 | Prev Position: 'HOLD'
2025-06-13 05:21:58 - INFO - Signal Check: Received 'SELL' | In Position: False
2025-06-13 05:21:58 - INFO - [SL CALC] Strategy SL: 103641.42, Broker Min SL: 103634.55
2025-06-13 05:21:58 - INFO - [SL CALC] Final Compliant Stop Loss: 103641.42
2025-06-13 05:21:58 - INFO - [Risk Calc] Inputs: Equity=18976.23, Risk=1.0%, SL Dist=206.86909999999625, Lot Size: 0.91
2025-06-13 05:21:58 - INFO - >>> EXECUTION: SELL signal received. Sending order! [Lots: 0.91]
2025-06-13 05:21:58 - INFO - Historic data received for BTCUSD_M1. Routing to TradeManager for preloading.
2025-06-13 05:21:58 - INFO - SUCCESS: Preloaded 219 historical bars for BTCUSD.
2025-06-13 05:21:58 - INFO - --- Performing initial analysis on preloaded data... ---
2025-06-13 05:21:58 - INFO - [Strategy Values] Short SMA=103148.9450000 | Long SMA=103214.5425000 | Prev Position: 'SELL'
2025-06-13 05:21:58 - INFO - Signal Check: Received 'HOLD' | In Position: False
2025-06-13 05:21:58 - INFO - Decision: No action taken.
2025-06-13 05:21:59 - INFO - MT4 ERROR: OPEN_ORDER | Could not open order: invalid stops
2025-06-13 05:21:59 - INFO - Preload confirmed.
2025-06-13 05:21:59 - INFO - Subscribed to live bar data for: [['BTCUSD', 'M1']]
2025-06-13 05:21:59 - INFO - Bot is running. Press Ctrl+C to stop.
2025-06-13 05:23:21 - INFO - --- New Live Bar Received: BTCUSD M1 at 1749777660 ---
2025-06-13 05:23:21 - INFO - [Strategy Values] Short SMA=103204.6150000 | Long SMA=103214.2275000 | Prev Position: 'SELL'
2025-06-13 05:23:21 - INFO - Signal Check: Received 'HOLD' | In Position: False
2025-06-13 05:23:21 - INFO - Decision: No action taken.
2025-06-13 05:23:24 - INFO - Stopping bot...
2025-06-13 05:23:24 - INFO - DWX Client stop() method called. Shutting down threads.
2025-06-13 05:24:50 - INFO - Initializing trading bot...
2025-06-13 05:24:51 - INFO - Activating strategy: sma_crossover for BTCUSD on M1
2025-06-13 05:24:51 - INFO - SmaCrossover Strategy initialized with periods: 10/20
2025-06-13 05:24:51 - INFO - [Strategy State] SmaCrossover state has been reset.
2025-06-13 05:24:51 - INFO - [State] No state file found. Starting with a fresh state.
2025-06-13 05:24:51 - INFO - TradeManager initialized.
2025-06-13 05:24:51 - INFO - MyEventHandler initialized.
2025-06-13 05:24:51 - INFO - DWX Client started.
2025-06-13 05:24:51 - INFO - Requesting historical data for preloading...
2025-06-13 05:24:51 - INFO - Waiting for historical data preload to complete...
2025-06-13 05:24:52 - INFO - Historic data received for BTCUSD_M1. Routing to TradeManager for preloading.
2025-06-13 05:24:52 - INFO - SUCCESS: Preloaded 219 historical bars for BTCUSD.
2025-06-13 05:24:52 - INFO - --- Performing initial analysis on preloaded data... ---
2025-06-13 05:24:52 - INFO - [Strategy Values] Short SMA=103265.3000000 | Long SMA=103197.7675000 | Prev Position: 'HOLD'
2025-06-13 05:24:52 - INFO - Signal Check: Received 'BUY' | In Position: False
2025-06-13 05:24:52 - INFO - [SL CALC] Strategy SL: 103265.31, Broker Min SL: 103272.25
2025-06-13 05:24:52 - INFO - [SL CALC] Final Compliant Stop Loss: 103265.31
2025-06-13 05:24:52 - INFO - [Risk Calc] Inputs: Equity=18976.23, Risk=1.0%, SL Dist=206.9444999999978, Lot Size: 0.91
2025-06-13 05:24:52 - INFO - >>> EXECUTION: BUY signal received. Sending order! [Lots: 0.91]
2025-06-13 05:24:52 - INFO - Preload confirmed.
2025-06-13 05:24:52 - INFO - Subscribed to live bar data for: [['BTCUSD', 'M1']]
2025-06-13 05:24:52 - INFO - Bot is running. Press Ctrl+C to stop.
2025-06-13 05:24:53 - INFO - MT4 ERROR: OPEN_ORDER | Could not open order: invalid stops
2025-06-13 05:26:21 - INFO - --- New Live Bar Received: BTCUSD M1 at 1749777840 ---
2025-06-13 05:26:21 - INFO - [Strategy Values] Short SMA=103304.0150000 | Long SMA=103202.6900000 | Prev Position: 'BUY'
2025-06-13 05:26:21 - INFO - Signal Check: Received 'HOLD' | In Position: False
2025-06-13 05:26:21 - INFO - Decision: No action taken.
2025-06-13 05:27:21 - INFO - --- New Live Bar Received: BTCUSD M1 at 1749777900 ---
2025-06-13 05:27:21 - INFO - [Strategy Values] Short SMA=103338.6600000 | Long SMA=103213.3225000 | Prev Position: 'BUY'
2025-06-13 05:27:21 - INFO - Signal Check: Received 'HOLD' | In Position: False
2025-06-13 05:27:21 - INFO - Decision: No action taken.
2025-06-13 05:27:22 - INFO - Python heartbeat sent.
2025-06-13 05:27:23 - INFO - Stopping bot...
2025-06-13 05:27:23 - INFO - DWX Client stop() method called. Shutting down threads.
2025-06-13 05:28:17 - INFO - Initializing trading bot...
2025-06-13 05:28:18 - INFO - Activating strategy: sma_crossover for BTCUSD on M1
2025-06-13 05:28:18 - INFO - SmaCrossover Strategy initialized with periods: 10/20
2025-06-13 05:28:18 - INFO - [Strategy State] SmaCrossover state has been reset.
2025-06-13 05:28:18 - INFO - [State] No state file found. Starting with a fresh state.
2025-06-13 05:28:18 - INFO - TradeManager initialized.
2025-06-13 05:28:18 - INFO - MyEventHandler initialized.
2025-06-13 05:28:18 - INFO - DWX Client started.
2025-06-13 05:28:18 - INFO - Requesting historical data for preloading...
2025-06-13 05:28:18 - INFO - Waiting for historical data preload to complete...
2025-06-13 05:28:18 - INFO - Historic data received for BTCUSD_M1. Routing to TradeManager for preloading.
2025-06-13 05:28:18 - INFO - SUCCESS: Preloaded 218 historical bars for BTCUSD.
2025-06-13 05:28:18 - INFO - --- Performing initial analysis on preloaded data... ---
2025-06-13 05:28:18 - INFO - [Strategy Values] Short SMA=103355.9450000 | Long SMA=103215.1100000 | Prev Position: 'HOLD'
2025-06-13 05:28:18 - INFO - Signal Check: Received 'BUY' | In Position: False
2025-06-13 05:28:18 - INFO - [SL CALC] Strategy SL: 103293.05, Broker Min SL: 103300.05
2025-06-13 05:28:18 - INFO - [SL CALC] Final Compliant Stop Loss: 103293.05
2025-06-13 05:28:18 - INFO - [Risk Calc] Inputs: Equity=18976.23, Risk=1.0%, SL Dist=207.00010000000475, Lot Size: 0.91
2025-06-13 05:28:18 - INFO - >>> EXECUTION: BUY signal received. Sending order! [Lots: 0.91, SL: 103293.05, TP: 103914.05]
2025-06-13 05:28:19 - INFO - Preload confirmed.
2025-06-13 05:28:19 - INFO - Subscribed to live bar data for: [['BTCUSD', 'M1']]
2025-06-13 05:28:19 - INFO - Bot is running. Press Ctrl+C to stop.
2025-06-13 05:29:20 - INFO - --- New Live Bar Received: BTCUSD M1 at 1749778020 ---
2025-06-13 05:29:20 - INFO - [Strategy Values] Short SMA=103372.1200000 | Long SMA=103213.4325000 | Prev Position: 'BUY'
2025-06-13 05:29:20 - INFO - Signal Check: Received 'HOLD' | In Position: True
2025-06-13 05:29:56 - INFO - [STATE CHANGE] Position has been closed. Resetting state.
2025-06-13 05:29:56 - INFO - [State] Current state saved successfully.
2025-06-13 05:30:21 - INFO - --- New Live Bar Received: BTCUSD M1 at 1749778080 ---
2025-06-13 05:30:21 - INFO - [Strategy Values] Short SMA=103358.7350000 | Long SMA=103215.0300000 | Prev Position: 'BUY'
2025-06-13 05:30:21 - INFO - Signal Check: Received 'HOLD' | In Position: False
2025-06-13 05:30:21 - INFO - Decision: No action taken.
2025-06-13 05:30:49 - INFO - Python heartbeat sent.
2025-06-13 05:31:20 - INFO - --- New Live Bar Received: BTCUSD M1 at 1749778140 ---
2025-06-13 05:31:20 - INFO - [Strategy Values] Short SMA=103355.5300000 | Long SMA=103223.1475000 | Prev Position: 'BUY'
2025-06-13 05:31:20 - INFO - Signal Check: Received 'HOLD' | In Position: False
2025-06-13 05:31:20 - INFO - Decision: No action taken.
2025-06-13 05:32:21 - INFO - --- New Live Bar Received: BTCUSD M1 at 1749778200 ---
2025-06-13 05:32:21 - INFO - [Strategy Values] Short SMA=103348.2500000 | Long SMA=103219.5075000 | Prev Position: 'BUY'
2025-06-13 05:32:21 - INFO - Signal Check: Received 'HOLD' | In Position: False
2025-06-13 05:32:21 - INFO - Decision: No action taken.
2025-06-13 05:33:19 - INFO - Python heartbeat sent.
2025-06-13 05:33:21 - INFO - --- New Live Bar Received: BTCUSD M1 at 1749778260 ---
2025-06-13 05:33:21 - INFO - [Strategy Values] Short SMA=103341.4650000 | Long SMA=103216.1150000 | Prev Position: 'BUY'
2025-06-13 05:33:21 - INFO - Signal Check: Received 'HOLD' | In Position: False
2025-06-13 05:33:21 - INFO - Decision: No action taken.
2025-06-13 05:34:21 - INFO - --- New Live Bar Received: BTCUSD M1 at 1749778320 ---
2025-06-13 05:34:21 - INFO - [Strategy Values] Short SMA=103338.3400000 | Long SMA=103214.5525000 | Prev Position: 'BUY'
2025-06-13 05:34:21 - INFO - Signal Check: Received 'HOLD' | In Position: False
2025-06-13 05:34:21 - INFO - Decision: No action taken.
2025-06-13 05:34:46 - INFO - Stopping bot...
2025-06-13 05:34:46 - INFO - DWX Client stop() method called. Shutting down threads.
2025-06-13 05:34:52 - INFO - Initializing trading bot...
2025-06-13 05:34:52 - INFO - Activating strategy: sma_crossover for BTCUSD on M1
2025-06-13 05:34:52 - INFO - SmaCrossover Strategy initialized with periods: 10/20
2025-06-13 05:34:52 - INFO - [Strategy State] SmaCrossover state has been reset.
2025-06-13 05:34:52 - INFO - [State] Successfully loaded saved state.
2025-06-13 05:34:52 - INFO - TradeManager initialized.
2025-06-13 05:34:52 - INFO - MyEventHandler initialized.
2025-06-13 05:34:52 - INFO - DWX Client started.
2025-06-13 05:34:52 - INFO - Requesting historical data for preloading...
2025-06-13 05:34:52 - INFO - Waiting for historical data preload to complete...
2025-06-13 05:34:53 - INFO - Historic data received for BTCUSD_M1. Routing to TradeManager for preloading.
2025-06-13 05:34:53 - INFO - SUCCESS: Preloaded 219 historical bars for BTCUSD.
2025-06-13 05:34:53 - INFO - --- Performing initial analysis on preloaded data... ---
2025-06-13 05:34:53 - INFO - [Strategy Values] Short SMA=103270.4600000 | Long SMA=103269.8750000 | Prev Position: 'HOLD'
2025-06-13 05:34:53 - INFO - Signal Check: Received 'BUY' | In Position: False
2025-06-13 05:34:53 - INFO - [SL CALC] Strategy SL: 103031.37, Broker Min SL: 103037.85
2025-06-13 05:34:53 - INFO - [SL CALC] Final Compliant Stop Loss: 103031.37
2025-06-13 05:34:53 - INFO - [Risk Calc] Inputs: Equity=18789.82, Risk=1.0%, SL Dist=206.4756999999954, Lot Size: 0.91
2025-06-13 05:34:53 - INFO - >>> EXECUTION: BUY signal received. Sending order! [Lots: 0.91, SL: 103031.37, TP: 103650.8]
2025-06-13 05:34:54 - INFO - Preload confirmed.
2025-06-13 05:34:54 - INFO - Subscribed to live bar data for: [['BTCUSD', 'M1']]
2025-06-13 05:34:54 - INFO - Bot is running. Press Ctrl+C to stop.
2025-06-13 05:34:55 - INFO - MT4 ERROR: OPEN_ORDER | Could not open order: invalid stops
2025-06-13 05:36:17 - INFO - Stopping bot...
2025-06-13 05:36:17 - INFO - DWX Client stop() method called. Shutting down threads.
2025-06-13 05:36:24 - INFO - Initializing trading bot...
2025-06-13 05:36:24 - INFO - Activating strategy: sma_crossover for BTCUSD on M1
2025-06-13 05:36:24 - INFO - SmaCrossover Strategy initialized with periods: 10/20
2025-06-13 05:36:24 - INFO - [Strategy State] SmaCrossover state has been reset.
2025-06-13 05:36:24 - INFO - [State] No state file found. Starting with a fresh state.
2025-06-13 05:36:24 - INFO - TradeManager initialized.
2025-06-13 05:36:24 - INFO - MyEventHandler initialized.
2025-06-13 05:36:24 - INFO - DWX Client started.
2025-06-13 05:36:24 - INFO - Requesting historical data for preloading...
2025-06-13 05:36:24 - INFO - Waiting for historical data preload to complete...
2025-06-13 05:36:24 - INFO - MT4 ERROR: OPEN_ORDER | Could not open order: invalid stops
2025-06-13 05:36:24 - INFO - MT4 ERROR: OPEN_ORDER | Could not open order: invalid stops
2025-06-13 05:36:24 - INFO - MT4 ERROR: OPEN_ORDER | Could not open order: invalid stops
2025-06-13 05:36:24 - INFO - MT4 ERROR: OPEN_ORDER | Could not open order: invalid stops
2025-06-13 05:36:24 - INFO - MT4 ERROR: OPEN_ORDER | Could not open order: invalid stops
2025-06-13 05:36:24 - INFO - MT4 ERROR: OPEN_ORDER | Could not open order: invalid stops
2025-06-13 05:36:24 - INFO - MT4 ERROR: OPEN_ORDER | Could not open order: invalid stops
2025-06-13 05:36:25 - INFO - Historic data received for BTCUSD_M1. Routing to TradeManager for preloading.
2025-06-13 05:36:25 - INFO - SUCCESS: Preloaded 219 historical bars for BTCUSD.
2025-06-13 05:36:25 - INFO - --- Performing initial analysis on preloaded data... ---
2025-06-13 05:36:25 - INFO - [Strategy Values] Short SMA=103238.3950000 | Long SMA=103290.5225000 | Prev Position: 'HOLD'
2025-06-13 05:36:25 - INFO - Signal Check: Received 'SELL' | In Position: False
2025-06-13 05:36:25 - INFO - [SL CALC] Strategy SL: 103376.99, Broker Min SL: 103370.65
2025-06-13 05:36:25 - INFO - [SL CALC] Final Compliant Stop Loss: 103376.99
2025-06-13 05:36:25 - INFO - [Risk Calc] Inputs: Equity=18789.82, Risk=1.0%, SL Dist=206.34130000000005, Lot Size: 0.91
2025-06-13 05:36:25 - INFO - >>> EXECUTION: SELL signal received. Sending order! [Lots: 0.91, SL: 103376.99, TP: 102757.97]
2025-06-13 05:36:25 - INFO - Preload confirmed.
2025-06-13 05:36:25 - INFO - Subscribed to live bar data for: [['BTCUSD', 'M1']]
2025-06-13 05:36:25 - INFO - Bot is running. Press Ctrl+C to stop.
2025-06-13 05:36:27 - INFO - MT4 ERROR: OPEN_ORDER | Could not open order: invalid stops
2025-06-13 05:38:21 - INFO - --- New Live Bar Received: BTCUSD M1 at 2025-06-13 01:36:00 UTC+0000 ---
2025-06-13 05:38:21 - INFO - [Strategy Values] Short SMA=103219.8700000 | Long SMA=103287.7425000 | Prev Position: 'SELL'
2025-06-13 05:38:21 - INFO - Signal Check: Received 'HOLD' | In Position: False
2025-06-13 05:38:21 - INFO - Decision: No action taken.
2025-06-13 05:38:46 - INFO - Stopping bot...
2025-06-13 05:38:46 - INFO - DWX Client stop() method called. Shutting down threads.
2025-06-13 05:41:22 - INFO - Initializing trading bot...
2025-06-13 05:41:23 - INFO - Activating strategy: sma_crossover for BTCUSD on M1
2025-06-13 05:41:23 - INFO - SmaCrossover Strategy initialized with periods: 10/20
2025-06-13 05:41:23 - INFO - [Strategy State] SmaCrossover state has been reset.
2025-06-13 05:41:23 - INFO - [State] No state file found. Starting with a fresh state.
2025-06-13 05:41:23 - INFO - TradeManager initialized.
2025-06-13 05:41:23 - INFO - MyEventHandler initialized.
2025-06-13 05:41:23 - INFO - DWX Client started.
2025-06-13 05:41:23 - INFO - Requesting historical data for preloading...
2025-06-13 05:41:23 - INFO - Waiting for historical data preload to complete...
2025-06-13 05:41:23 - INFO - Historic data received for BTCUSD_M1. Routing to TradeManager for preloading.
2025-06-13 05:41:23 - INFO - SUCCESS: Preloaded 219 historical bars for BTCUSD.
2025-06-13 05:41:23 - INFO - --- Performing initial analysis on preloaded data... ---
2025-06-13 05:41:23 - INFO - [Strategy Values] Short SMA=103212.6800000 | Long SMA=103276.6400000 | Prev Position: 'HOLD'
2025-06-13 05:41:23 - INFO - Signal Check: Received 'SELL' | In Position: False
2025-06-13 05:41:23 - INFO - [SL CALC] Strategy SL: 103357.60, Broker Min SL: 103351.30
2025-06-13 05:41:23 - INFO - [SL CALC] Final Compliant Stop Loss: 103357.60
2025-06-13 05:41:23 - INFO - [Risk Calc] Inputs: Equity=18789.82, Risk=1.0%, SL Dist=206.30259999999544, Lot Size: 0.91
2025-06-13 05:41:23 - INFO - >>> EXECUTION: SELL signal received. Sending order! [Lots: 0.91, SL: 103357.6, TP: 102738.69]
2025-06-13 05:41:24 - INFO - Preload confirmed.
2025-06-13 05:41:24 - INFO - Subscribed to live bar data for: [['BTCUSD', 'M1']]
2025-06-13 05:41:24 - INFO - Bot is running. Press Ctrl+C to stop.
2025-06-13 05:41:24 - INFO - MT4 ERROR: OPEN_ORDER | Could not open order: invalid stops
2025-06-13 05:43:21 - INFO - --- New Live Bar Received: BTCUSD M1 at 2025-06-13 01:41:00 UTC+0000 ---
2025-06-13 05:43:21 - INFO - [Strategy Values] Short SMA=103207.2000000 | Long SMA=103259.8775000 | Prev Position: 'SELL'
2025-06-13 05:43:21 - INFO - Signal Check: Received 'HOLD' | In Position: False
2025-06-13 05:43:21 - INFO - Decision: No action taken.
2025-06-13 05:43:54 - INFO - Python heartbeat sent.
2025-06-13 05:44:21 - INFO - --- New Live Bar Received: BTCUSD M1 at 2025-06-13 01:42:00 UTC+0000 ---
2025-06-13 05:44:21 - INFO - [Strategy Values] Short SMA=103221.2000000 | Long SMA=103259.5450000 | Prev Position: 'SELL'
2025-06-13 05:44:21 - INFO - Signal Check: Received 'HOLD' | In Position: False
2025-06-13 05:44:21 - INFO - Decision: No action taken.
2025-06-13 05:45:20 - INFO - --- New Live Bar Received: BTCUSD M1 at 2025-06-13 01:43:00 UTC+0000 ---
2025-06-13 05:45:20 - INFO - [Strategy Values] Short SMA=103229.7300000 | Long SMA=103263.8100000 | Prev Position: 'SELL'
2025-06-13 05:45:20 - INFO - Signal Check: Received 'HOLD' | In Position: False
2025-06-13 05:45:20 - INFO - Decision: No action taken.
2025-06-13 05:46:21 - INFO - --- New Live Bar Received: BTCUSD M1 at 2025-06-13 01:44:00 UTC+0000 ---
2025-06-13 05:46:21 - INFO - [Strategy Values] Short SMA=103251.4900000 | Long SMA=103274.6900000 | Prev Position: 'SELL'
2025-06-13 05:46:21 - INFO - Signal Check: Received 'HOLD' | In Position: False
2025-06-13 05:46:21 - INFO - Decision: No action taken.
2025-06-13 05:46:24 - INFO - Python heartbeat sent.
2025-06-13 05:46:32 - INFO - Stopping bot...
2025-06-13 05:46:32 - INFO - DWX Client stop() method called. Shutting down threads.
2025-06-13 05:46:37 - INFO - Initializing trading bot...
2025-06-13 05:46:38 - INFO - Activating strategy: sma_crossover for BTCUSD on M1
2025-06-13 05:46:38 - INFO - SmaCrossover Strategy initialized with periods: 10/20
2025-06-13 05:46:38 - INFO - [Strategy State] SmaCrossover state has been reset.
2025-06-13 05:46:38 - INFO - [State] No state file found. Starting with a fresh state.
2025-06-13 05:46:38 - INFO - TradeManager initialized.
2025-06-13 05:46:38 - INFO - MyEventHandler initialized.
2025-06-13 05:46:38 - INFO - DWX Client started.
2025-06-13 05:46:38 - INFO - Requesting historical data for preloading...
2025-06-13 05:46:38 - INFO - Waiting for historical data preload to complete...
2025-06-13 05:46:38 - INFO - Historic data received for BTCUSD_M1. Routing to TradeManager for preloading.
2025-06-13 05:46:38 - INFO - SUCCESS: Preloaded 219 historical bars for BTCUSD.
2025-06-13 05:46:38 - INFO - --- Performing initial analysis on preloaded data... ---
2025-06-13 05:46:38 - INFO - [Strategy Values] Short SMA=103298.1200000 | Long SMA=103269.8100000 | Prev Position: 'HOLD'
2025-06-13 05:46:38 - INFO - Signal Check: Received 'BUY' | In Position: False
2025-06-13 05:46:38 - INFO - [SL CALC] Strategy SL: 103554.93, Broker Min SL: 103562.45
2025-06-13 05:46:38 - INFO - [SL CALC] Final Compliant Stop Loss: 103554.93
2025-06-13 05:46:38 - INFO - [Risk Calc] Inputs: Equity=18789.82, Risk=1.0%, SL Dist=207.52490000000398, Lot Size: 0.9
2025-06-13 05:46:38 - INFO - >>> EXECUTION: BUY signal received. Sending order! [Lots: 0.9]
2025-06-13 05:46:39 - INFO - Preload confirmed.
2025-06-13 05:46:39 - INFO - Subscribed to live bar data for: [['BTCUSD', 'M1']]
2025-06-13 05:46:39 - INFO - Bot is running. Press Ctrl+C to stop.
2025-06-13 05:46:39 - INFO - MT4 ERROR: OPEN_ORDER | Could not open order: invalid stops
2025-06-13 05:47:40 - INFO - Stopping bot...
2025-06-13 05:47:40 - INFO - DWX Client stop() method called. Shutting down threads.
